mode: atomic
github.com/cf/telemetry-pipeline/cmd/collector/main.go:36.13,78.16 14 0
github.com/cf/telemetry-pipeline/cmd/collector/main.go:78.16,80.3 1 0
github.com/cf/telemetry-pipeline/cmd/collector/main.go:83.2,90.12 5 0
github.com/cf/telemetry-pipeline/cmd/collector/main.go:90.12,94.3 3 0
github.com/cf/telemetry-pipeline/cmd/collector/main.go:97.2,98.16 2 0
github.com/cf/telemetry-pipeline/cmd/collector/main.go:98.16,100.3 1 0
github.com/cf/telemetry-pipeline/cmd/collector/main.go:103.2,111.16 5 0
github.com/cf/telemetry-pipeline/cmd/collector/main.go:111.16,113.3 1 0
github.com/cf/telemetry-pipeline/cmd/collector/main.go:115.2,115.54 1 0
github.com/cf/telemetry-pipeline/cmd/collector/main.go:119.80,123.6 3 0
github.com/cf/telemetry-pipeline/cmd/collector/main.go:123.6,124.10 1 0
github.com/cf/telemetry-pipeline/cmd/collector/main.go:125.21,126.10 1 0
github.com/cf/telemetry-pipeline/cmd/collector/main.go:127.19,136.61 3 0
github.com/cf/telemetry-pipeline/cmd/collector/main.go:136.61,138.5 1 0
github.com/cf/telemetry-pipeline/cmd/collector/main.go:141.4,141.67 1 0
github.com/cf/telemetry-pipeline/cmd/collector/main.go:141.67,143.19 2 0
github.com/cf/telemetry-pipeline/cmd/collector/main.go:143.19,146.6 1 0
github.com/cf/telemetry-pipeline/cmd/collector/main.go:153.30,154.24 1 0
github.com/cf/telemetry-pipeline/cmd/collector/main.go:154.24,156.3 1 0
github.com/cf/telemetry-pipeline/cmd/collector/main.go:158.2,159.16 2 0
github.com/cf/telemetry-pipeline/cmd/collector/main.go:159.16,161.3 1 0
github.com/cf/telemetry-pipeline/cmd/collector/main.go:163.2,164.97 2 0
github.com/cf/telemetry-pipeline/cmd/collector/main.go:168.58,169.45 1 0
github.com/cf/telemetry-pipeline/cmd/collector/main.go:169.45,171.3 1 0
github.com/cf/telemetry-pipeline/cmd/collector/main.go:172.2,172.21 1 0
github.com/cf/telemetry-pipeline/cmd/collector/main.go:175.13,177.52 1 0
github.com/cf/telemetry-pipeline/cmd/collector/main.go:177.52,179.3 1 0
github.com/cf/telemetry-pipeline/cmd/collector/main.go:180.2,180.52 1 0
github.com/cf/telemetry-pipeline/cmd/collector/main.go:180.52,181.53 1 0
github.com/cf/telemetry-pipeline/cmd/collector/main.go:181.53,183.4 1 0
github.com/cf/telemetry-pipeline/cmd/collector/main.go:185.2,185.52 1 0
github.com/cf/telemetry-pipeline/cmd/collector/main.go:185.52,187.3 1 0
github.com/cf/telemetry-pipeline/cmd/collector/main.go:188.2,188.64 1 0
github.com/cf/telemetry-pipeline/cmd/collector/main.go:188.64,190.3 1 0
github.com/cf/telemetry-pipeline/cmd/collector/main.go:191.2,191.52 1 0
github.com/cf/telemetry-pipeline/cmd/collector/main.go:191.52,193.3 1 0
github.com/cf/telemetry-pipeline/cmd/collector/main.go:194.2,194.61 1 0
github.com/cf/telemetry-pipeline/cmd/collector/main.go:194.61,196.3 1 0
github.com/cf/telemetry-pipeline/internal/api/handlers.go:21.69,25.2 1 0
github.com/cf/telemetry-pipeline/internal/api/handlers.go:54.69,62.47 2 0
github.com/cf/telemetry-pipeline/internal/api/handlers.go:62.47,65.3 2 0
github.com/cf/telemetry-pipeline/internal/api/handlers.go:67.2,68.37 2 0
github.com/cf/telemetry-pipeline/internal/api/handlers.go:79.71,80.23 1 0
github.com/cf/telemetry-pipeline/internal/api/handlers.go:80.23,83.3 2 0
github.com/cf/telemetry-pipeline/internal/api/handlers.go:85.2,86.16 2 0
github.com/cf/telemetry-pipeline/internal/api/handlers.go:86.16,90.3 3 0
github.com/cf/telemetry-pipeline/internal/api/handlers.go:92.2,100.45 4 0
github.com/cf/telemetry-pipeline/internal/api/handlers.go:118.78,119.23 1 0
github.com/cf/telemetry-pipeline/internal/api/handlers.go:119.23,122.3 2 0
github.com/cf/telemetry-pipeline/internal/api/handlers.go:125.2,127.17 3 0
github.com/cf/telemetry-pipeline/internal/api/handlers.go:127.17,130.3 2 0
github.com/cf/telemetry-pipeline/internal/api/handlers.go:133.2,140.73 2 0
github.com/cf/telemetry-pipeline/internal/api/handlers.go:140.73,142.17 2 0
github.com/cf/telemetry-pipeline/internal/api/handlers.go:142.17,145.4 2 0
github.com/cf/telemetry-pipeline/internal/api/handlers.go:146.3,146.30 1 0
github.com/cf/telemetry-pipeline/internal/api/handlers.go:150.2,150.67 1 0
github.com/cf/telemetry-pipeline/internal/api/handlers.go:150.67,152.17 2 0
github.com/cf/telemetry-pipeline/internal/api/handlers.go:152.17,155.4 2 0
github.com/cf/telemetry-pipeline/internal/api/handlers.go:156.3,156.26 1 0
github.com/cf/telemetry-pipeline/internal/api/handlers.go:160.2,160.60 1 0
github.com/cf/telemetry-pipeline/internal/api/handlers.go:160.60,162.31 2 0
github.com/cf/telemetry-pipeline/internal/api/handlers.go:162.31,165.4 2 0
github.com/cf/telemetry-pipeline/internal/api/handlers.go:166.3,166.19 1 0
github.com/cf/telemetry-pipeline/internal/api/handlers.go:166.19,168.4 1 0
github.com/cf/telemetry-pipeline/internal/api/handlers.go:169.3,169.22 1 0
github.com/cf/telemetry-pipeline/internal/api/handlers.go:173.2,173.63 1 0
github.com/cf/telemetry-pipeline/internal/api/handlers.go:173.63,175.31 2 0
github.com/cf/telemetry-pipeline/internal/api/handlers.go:175.31,178.4 2 0
github.com/cf/telemetry-pipeline/internal/api/handlers.go:179.3,179.24 1 0
github.com/cf/telemetry-pipeline/internal/api/handlers.go:183.2,183.98 1 0
github.com/cf/telemetry-pipeline/internal/api/handlers.go:183.98,186.3 2 0
github.com/cf/telemetry-pipeline/internal/api/handlers.go:189.2,190.16 2 0
github.com/cf/telemetry-pipeline/internal/api/handlers.go:190.16,194.3 3 0
github.com/cf/telemetry-pipeline/internal/api/handlers.go:197.2,197.63 1 0
github.com/cf/telemetry-pipeline/internal/api/handlers.go:197.63,200.17 2 0
github.com/cf/telemetry-pipeline/internal/api/handlers.go:200.17,202.29 2 0
github.com/cf/telemetry-pipeline/internal/api/handlers.go:202.29,203.27 1 0
github.com/cf/telemetry-pipeline/internal/api/handlers.go:203.27,205.11 2 0
github.com/cf/telemetry-pipeline/internal/api/handlers.go:208.4,208.14 1 0
github.com/cf/telemetry-pipeline/internal/api/handlers.go:208.14,211.5 2 0
github.com/cf/telemetry-pipeline/internal/api/handlers.go:215.2,218.94 3 0
github.com/cf/telemetry-pipeline/internal/api/handlers.go:229.71,230.23 1 0
github.com/cf/telemetry-pipeline/internal/api/handlers.go:230.23,233.3 2 0
github.com/cf/telemetry-pipeline/internal/api/handlers.go:235.2,236.16 2 0
github.com/cf/telemetry-pipeline/internal/api/handlers.go:236.16,240.3 3 0
github.com/cf/telemetry-pipeline/internal/api/handlers.go:242.2,245.50 3 0
github.com/cf/telemetry-pipeline/internal/api/handlers.go:249.82,260.2 4 0
github.com/cf/telemetry-pipeline/internal/api/handlers.go:263.59,264.71 1 0
github.com/cf/telemetry-pipeline/internal/api/handlers.go:264.71,269.28 4 0
github.com/cf/telemetry-pipeline/internal/api/handlers.go:269.28,272.4 2 0
github.com/cf/telemetry-pipeline/internal/api/handlers.go:274.3,274.23 1 0
github.com/cf/telemetry-pipeline/internal/api/handlers.go:279.72,280.71 1 0
github.com/cf/telemetry-pipeline/internal/api/handlers.go:280.71,290.3 5 0
github.com/cf/telemetry-pipeline/internal/api/handlers.go:299.49,302.2 2 0
github.com/cf/telemetry-pipeline/internal/api/router.go:11.51,38.2 11 0
github.com/cf/telemetry-pipeline/cmd/api-gateway/main.go:53.13,75.16 8 0
github.com/cf/telemetry-pipeline/cmd/api-gateway/main.go:75.16,77.3 1 0
github.com/cf/telemetry-pipeline/cmd/api-gateway/main.go:78.2,103.12 9 0
github.com/cf/telemetry-pipeline/cmd/api-gateway/main.go:103.12,112.54 6 0
github.com/cf/telemetry-pipeline/cmd/api-gateway/main.go:112.54,114.4 1 0
github.com/cf/telemetry-pipeline/cmd/api-gateway/main.go:118.2,121.79 3 0
github.com/cf/telemetry-pipeline/cmd/api-gateway/main.go:121.79,123.3 1 0
github.com/cf/telemetry-pipeline/cmd/api-gateway/main.go:126.2,127.48 2 0
github.com/cf/telemetry-pipeline/cmd/api-gateway/main.go:130.13,132.49 1 0
github.com/cf/telemetry-pipeline/cmd/api-gateway/main.go:132.49,133.50 1 0
github.com/cf/telemetry-pipeline/cmd/api-gateway/main.go:133.50,135.4 1 0
github.com/cf/telemetry-pipeline/cmd/api-gateway/main.go:137.2,137.52 1 0
github.com/cf/telemetry-pipeline/cmd/api-gateway/main.go:137.52,139.3 1 0
github.com/cf/telemetry-pipeline/cmd/api-gateway/main.go:140.2,140.52 1 0
github.com/cf/telemetry-pipeline/cmd/api-gateway/main.go:140.52,141.50 1 0
github.com/cf/telemetry-pipeline/cmd/api-gateway/main.go:141.50,143.4 1 0
github.com/cf/telemetry-pipeline/cmd/api-gateway/main.go:145.2,145.52 1 0
github.com/cf/telemetry-pipeline/cmd/api-gateway/main.go:145.52,147.3 1 0
github.com/cf/telemetry-pipeline/cmd/api-gateway/main.go:148.2,148.64 1 0
github.com/cf/telemetry-pipeline/cmd/api-gateway/main.go:148.64,150.3 1 0
github.com/cf/telemetry-pipeline/cmd/api-gateway/main.go:151.2,151.52 1 0
github.com/cf/telemetry-pipeline/cmd/api-gateway/main.go:151.52,153.3 1 0
github.com/cf/telemetry-pipeline/cmd/api-gateway/main.go:154.2,154.61 1 0
github.com/cf/telemetry-pipeline/cmd/api-gateway/main.go:154.61,156.3 1 0
github.com/cf/telemetry-pipeline/internal/collector/database.go:31.75,50.16 4 0
github.com/cf/telemetry-pipeline/internal/collector/database.go:50.16,53.3 2 0
github.com/cf/telemetry-pipeline/internal/collector/database.go:56.2,57.16 2 0
github.com/cf/telemetry-pipeline/internal/collector/database.go:57.16,60.3 2 0
github.com/cf/telemetry-pipeline/internal/collector/database.go:62.2,73.16 6 0
github.com/cf/telemetry-pipeline/internal/collector/database.go:73.16,76.3 2 0
github.com/cf/telemetry-pipeline/internal/collector/database.go:78.2,79.21 2 0
github.com/cf/telemetry-pipeline/internal/collector/database.go:83.44,85.16 2 0
github.com/cf/telemetry-pipeline/internal/collector/database.go:85.16,87.3 1 0
github.com/cf/telemetry-pipeline/internal/collector/database.go:90.2,91.16 2 0
github.com/cf/telemetry-pipeline/internal/collector/database.go:91.16,93.3 1 0
github.com/cf/telemetry-pipeline/internal/collector/database.go:95.2,96.16 2 0
github.com/cf/telemetry-pipeline/internal/collector/database.go:96.16,98.3 1 0
github.com/cf/telemetry-pipeline/internal/collector/database.go:100.2,101.16 2 0
github.com/cf/telemetry-pipeline/internal/collector/database.go:101.16,103.3 1 0
github.com/cf/telemetry-pipeline/internal/collector/database.go:105.2,106.12 2 0
github.com/cf/telemetry-pipeline/internal/collector/database.go:110.80,112.25 2 0
github.com/cf/telemetry-pipeline/internal/collector/database.go:112.25,115.3 2 0
github.com/cf/telemetry-pipeline/internal/collector/database.go:117.2,119.12 2 0
github.com/cf/telemetry-pipeline/internal/collector/database.go:123.91,124.24 1 0
github.com/cf/telemetry-pipeline/internal/collector/database.go:124.24,126.3 1 0
github.com/cf/telemetry-pipeline/internal/collector/database.go:129.2,130.48 2 0
github.com/cf/telemetry-pipeline/internal/collector/database.go:130.48,132.26 2 0
github.com/cf/telemetry-pipeline/internal/collector/database.go:132.26,134.4 1 0
github.com/cf/telemetry-pipeline/internal/collector/database.go:136.3,138.26 3 0
github.com/cf/telemetry-pipeline/internal/collector/database.go:138.26,141.4 2 0
github.com/cf/telemetry-pipeline/internal/collector/database.go:144.2,145.12 2 0
github.com/cf/telemetry-pipeline/internal/collector/database.go:149.60,157.25 3 0
github.com/cf/telemetry-pipeline/internal/collector/database.go:157.25,160.3 2 0
github.com/cf/telemetry-pipeline/internal/collector/database.go:162.2,163.18 2 0
github.com/cf/telemetry-pipeline/internal/collector/database.go:167.117,175.23 4 0
github.com/cf/telemetry-pipeline/internal/collector/database.go:175.23,177.3 1 0
github.com/cf/telemetry-pipeline/internal/collector/database.go:179.2,179.31 1 0
github.com/cf/telemetry-pipeline/internal/collector/database.go:179.31,181.3 1 0
github.com/cf/telemetry-pipeline/internal/collector/database.go:183.2,183.29 1 0
github.com/cf/telemetry-pipeline/internal/collector/database.go:183.29,185.3 1 0
github.com/cf/telemetry-pipeline/internal/collector/database.go:188.2,189.16 2 0
github.com/cf/telemetry-pipeline/internal/collector/database.go:189.16,192.3 2 0
github.com/cf/telemetry-pipeline/internal/collector/database.go:195.2,196.22 2 0
github.com/cf/telemetry-pipeline/internal/collector/database.go:196.22,198.3 1 0
github.com/cf/telemetry-pipeline/internal/collector/database.go:200.2,206.16 3 0
github.com/cf/telemetry-pipeline/internal/collector/database.go:206.16,209.3 2 0
github.com/cf/telemetry-pipeline/internal/collector/database.go:211.2,218.22 3 0
github.com/cf/telemetry-pipeline/internal/collector/database.go:222.80,228.16 4 0
github.com/cf/telemetry-pipeline/internal/collector/database.go:228.16,230.3 1 0
github.com/cf/telemetry-pipeline/internal/collector/database.go:231.2,238.16 4 0
github.com/cf/telemetry-pipeline/internal/collector/database.go:238.16,240.3 1 0
github.com/cf/telemetry-pipeline/internal/collector/database.go:241.2,248.16 4 0
github.com/cf/telemetry-pipeline/internal/collector/database.go:248.16,250.3 1 0
github.com/cf/telemetry-pipeline/internal/collector/database.go:251.2,261.16 4 0
github.com/cf/telemetry-pipeline/internal/collector/database.go:261.16,263.3 1 0
github.com/cf/telemetry-pipeline/internal/collector/database.go:264.2,267.19 3 0
github.com/cf/telemetry-pipeline/internal/collector/database.go:271.42,273.16 2 0
github.com/cf/telemetry-pipeline/internal/collector/database.go:273.16,275.3 1 0
github.com/cf/telemetry-pipeline/internal/collector/database.go:277.2,278.19 2 0
github.com/cf/telemetry-pipeline/internal/collector/database.go:282.42,284.16 2 0
github.com/cf/telemetry-pipeline/internal/collector/database.go:284.16,286.3 1 0
github.com/cf/telemetry-pipeline/internal/collector/database.go:288.2,289.16 2 0
github.com/cf/telemetry-pipeline/internal/collector/database.go:289.16,292.3 2 0
github.com/cf/telemetry-pipeline/internal/collector/database.go:294.2,295.12 2 0
github.com/cf/telemetry-pipeline/internal/collector/database.go:299.59,300.26 1 0
github.com/cf/telemetry-pipeline/internal/collector/database.go:300.26,302.3 1 0
github.com/cf/telemetry-pipeline/internal/collector/database.go:304.2,309.31 1 0
github.com/cf/telemetry-pipeline/internal/collector/database.go:315.68,317.2 1 0
github.com/cf/telemetry-pipeline/internal/collector/database.go:320.24,321.11 1 0
github.com/cf/telemetry-pipeline/internal/collector/database.go:321.11,323.3 1 0
github.com/cf/telemetry-pipeline/internal/collector/database.go:324.2,324.10 1 0
github.com/cf/telemetry-pipeline/internal/collector/service.go:58.123,60.27 1 0
github.com/cf/telemetry-pipeline/internal/collector/service.go:60.27,62.3 1 0
github.com/cf/telemetry-pipeline/internal/collector/service.go:63.2,63.30 1 0
github.com/cf/telemetry-pipeline/internal/collector/service.go:63.30,65.3 1 0
github.com/cf/telemetry-pipeline/internal/collector/service.go:66.2,66.28 1 0
github.com/cf/telemetry-pipeline/internal/collector/service.go:66.28,68.3 1 0
github.com/cf/telemetry-pipeline/internal/collector/service.go:69.2,69.28 1 0
github.com/cf/telemetry-pipeline/internal/collector/service.go:69.28,71.3 1 0
github.com/cf/telemetry-pipeline/internal/collector/service.go:72.2,72.30 1 0
github.com/cf/telemetry-pipeline/internal/collector/service.go:72.30,74.3 1 0
github.com/cf/telemetry-pipeline/internal/collector/service.go:75.2,75.32 1 0
github.com/cf/telemetry-pipeline/internal/collector/service.go:75.32,77.3 1 0
github.com/cf/telemetry-pipeline/internal/collector/service.go:78.2,78.28 1 0
github.com/cf/telemetry-pipeline/internal/collector/service.go:78.28,80.3 1 0
github.com/cf/telemetry-pipeline/internal/collector/service.go:83.2,85.34 3 0
github.com/cf/telemetry-pipeline/internal/collector/service.go:85.34,87.17 2 0
github.com/cf/telemetry-pipeline/internal/collector/service.go:87.17,89.4 1 0
github.com/cf/telemetry-pipeline/internal/collector/service.go:92.2,107.21 4 0
github.com/cf/telemetry-pipeline/internal/collector/service.go:111.43,115.18 3 0
github.com/cf/telemetry-pipeline/internal/collector/service.go:115.18,117.3 1 0
github.com/cf/telemetry-pipeline/internal/collector/service.go:119.2,126.12 6 0
github.com/cf/telemetry-pipeline/internal/collector/service.go:130.42,134.19 3 0
github.com/cf/telemetry-pipeline/internal/collector/service.go:134.19,136.3 1 0
github.com/cf/telemetry-pipeline/internal/collector/service.go:138.2,148.24 5 0
github.com/cf/telemetry-pipeline/internal/collector/service.go:148.24,150.3 1 0
github.com/cf/telemetry-pipeline/internal/collector/service.go:152.2,153.12 2 0
github.com/cf/telemetry-pipeline/internal/collector/service.go:157.46,161.2 3 0
github.com/cf/telemetry-pipeline/internal/collector/service.go:164.60,170.17 4 0
github.com/cf/telemetry-pipeline/internal/collector/service.go:170.17,172.3 1 0
github.com/cf/telemetry-pipeline/internal/collector/service.go:175.2,184.3 1 0
github.com/cf/telemetry-pipeline/internal/collector/service.go:188.50,192.2 3 0
github.com/cf/telemetry-pipeline/internal/collector/service.go:195.55,197.2 1 0
github.com/cf/telemetry-pipeline/internal/collector/service.go:200.67,202.2 1 0
github.com/cf/telemetry-pipeline/internal/collector/service.go:205.46,207.15 2 0
github.com/cf/telemetry-pipeline/internal/collector/service.go:207.15,208.31 1 0
github.com/cf/telemetry-pipeline/internal/collector/service.go:208.31,210.4 1 0
github.com/cf/telemetry-pipeline/internal/collector/service.go:213.2,218.6 4 0
github.com/cf/telemetry-pipeline/internal/collector/service.go:218.6,219.10 1 0
github.com/cf/telemetry-pipeline/internal/collector/service.go:220.24,222.10 2 0
github.com/cf/telemetry-pipeline/internal/collector/service.go:223.19,225.18 2 0
github.com/cf/telemetry-pipeline/internal/collector/service.go:225.18,231.5 4 0
github.com/cf/telemetry-pipeline/internal/collector/service.go:237.47,239.15 2 0
github.com/cf/telemetry-pipeline/internal/collector/service.go:239.15,240.31 1 0
github.com/cf/telemetry-pipeline/internal/collector/service.go:240.31,242.4 1 0
github.com/cf/telemetry-pipeline/internal/collector/service.go:245.2,250.6 4 0
github.com/cf/telemetry-pipeline/internal/collector/service.go:250.6,251.10 1 0
github.com/cf/telemetry-pipeline/internal/collector/service.go:252.24,254.10 2 0
github.com/cf/telemetry-pipeline/internal/collector/service.go:255.19,256.20 1 0
github.com/cf/telemetry-pipeline/internal/collector/service.go:262.50,269.16 2 0
github.com/cf/telemetry-pipeline/internal/collector/service.go:269.16,272.3 2 0
github.com/cf/telemetry-pipeline/internal/collector/service.go:274.2,274.24 1 0
github.com/cf/telemetry-pipeline/internal/collector/service.go:274.24,276.3 1 0
github.com/cf/telemetry-pipeline/internal/collector/service.go:278.2,282.31 3 0
github.com/cf/telemetry-pipeline/internal/collector/service.go:282.31,285.17 3 0
github.com/cf/telemetry-pipeline/internal/collector/service.go:285.17,287.12 2 0
github.com/cf/telemetry-pipeline/internal/collector/service.go:290.3,291.42 2 0
github.com/cf/telemetry-pipeline/internal/collector/service.go:294.2,294.29 1 0
github.com/cf/telemetry-pipeline/internal/collector/service.go:294.29,296.3 1 0
github.com/cf/telemetry-pipeline/internal/collector/service.go:299.2,303.16 3 0
github.com/cf/telemetry-pipeline/internal/collector/service.go:303.16,306.3 1 0
github.com/cf/telemetry-pipeline/internal/collector/service.go:309.2,313.12 4 0
github.com/cf/telemetry-pipeline/internal/collector/service.go:317.71,324.44 4 0
github.com/cf/telemetry-pipeline/internal/collector/service.go:324.44,326.3 1 0
github.com/cf/telemetry-pipeline/internal/collector/service.go:330.43,332.25 2 0
github.com/cf/telemetry-pipeline/internal/collector/service.go:332.25,335.3 2 0
github.com/cf/telemetry-pipeline/internal/collector/service.go:338.2,344.24 5 0
github.com/cf/telemetry-pipeline/internal/collector/service.go:344.24,346.17 2 0
github.com/cf/telemetry-pipeline/internal/collector/service.go:346.17,355.4 6 0
github.com/cf/telemetry-pipeline/internal/collector/service.go:358.3,359.81 2 0
github.com/cf/telemetry-pipeline/internal/collector/service.go:360.8,362.3 1 0
github.com/cf/telemetry-pipeline/internal/collector/service.go:366.111,375.26 7 0
github.com/cf/telemetry-pipeline/internal/collector/service.go:375.26,377.3 1 0
github.com/cf/telemetry-pipeline/internal/collector/service.go:378.2,378.26 1 0
github.com/cf/telemetry-pipeline/internal/collector/service.go:378.26,380.3 1 0
github.com/cf/telemetry-pipeline/internal/collector/service.go:384.43,389.19 3 0
github.com/cf/telemetry-pipeline/internal/collector/service.go:389.19,391.3 1 0
github.com/cf/telemetry-pipeline/internal/collector/service.go:393.2,393.49 1 0
github.com/cf/telemetry-pipeline/internal/collector/service.go:393.49,395.3 1 0
github.com/cf/telemetry-pipeline/internal/collector/service.go:398.2,402.72 4 0
github.com/cf/telemetry-pipeline/internal/collector/service.go:402.72,404.3 1 0
github.com/cf/telemetry-pipeline/internal/collector/service.go:406.2,406.13 1 0
github.com/cf/telemetry-pipeline/internal/collector/service.go:410.58,412.2 1 0
github.com/cf/telemetry-pipeline/internal/collector/service.go:415.76,420.32 3 0
github.com/cf/telemetry-pipeline/internal/collector/service.go:420.32,422.3 1 0
github.com/cf/telemetry-pipeline/internal/collector/service.go:423.2,423.29 1 0
github.com/cf/telemetry-pipeline/internal/collector/service.go:423.29,425.3 1 0
github.com/cf/telemetry-pipeline/internal/collector/service.go:426.2,426.30 1 0
github.com/cf/telemetry-pipeline/internal/collector/service.go:426.30,428.3 1 0
github.com/cf/telemetry-pipeline/internal/collector/service.go:429.2,429.30 1 0
github.com/cf/telemetry-pipeline/internal/collector/service.go:429.30,431.3 1 0
github.com/cf/telemetry-pipeline/internal/collector/service.go:433.2,434.12 2 0
github.com/cf/telemetry-pipeline/cmd/streamer/main.go:28.13,41.53 8 0
github.com/cf/telemetry-pipeline/cmd/streamer/main.go:41.53,43.3 1 0
github.com/cf/telemetry-pipeline/cmd/streamer/main.go:46.2,46.23 1 0
github.com/cf/telemetry-pipeline/cmd/streamer/main.go:46.23,49.3 2 0
github.com/cf/telemetry-pipeline/cmd/streamer/main.go:52.2,70.16 5 0
github.com/cf/telemetry-pipeline/cmd/streamer/main.go:70.16,72.3 1 0
github.com/cf/telemetry-pipeline/cmd/streamer/main.go:75.2,82.12 5 0
github.com/cf/telemetry-pipeline/cmd/streamer/main.go:82.12,86.3 3 0
github.com/cf/telemetry-pipeline/cmd/streamer/main.go:89.2,90.16 2 0
github.com/cf/telemetry-pipeline/cmd/streamer/main.go:90.16,92.3 1 0
github.com/cf/telemetry-pipeline/cmd/streamer/main.go:95.2,103.16 5 0
github.com/cf/telemetry-pipeline/cmd/streamer/main.go:103.16,105.3 1 0
github.com/cf/telemetry-pipeline/cmd/streamer/main.go:107.2,107.53 1 0
github.com/cf/telemetry-pipeline/cmd/streamer/main.go:111.78,115.6 3 0
github.com/cf/telemetry-pipeline/cmd/streamer/main.go:115.6,116.10 1 0
github.com/cf/telemetry-pipeline/cmd/streamer/main.go:117.21,118.10 1 0
github.com/cf/telemetry-pipeline/cmd/streamer/main.go:119.19,127.61 3 0
github.com/cf/telemetry-pipeline/cmd/streamer/main.go:127.61,129.5 1 0
github.com/cf/telemetry-pipeline/cmd/streamer/main.go:134.13,137.49 2 0
github.com/cf/telemetry-pipeline/cmd/streamer/main.go:137.49,139.17 2 0
github.com/cf/telemetry-pipeline/cmd/streamer/main.go:139.17,141.4 1 0
github.com/cf/telemetry-pipeline/cmd/streamer/main.go:141.9,143.4 1 0
github.com/cf/telemetry-pipeline/pkg/logging/logging.go:61.31,66.2 4 0
github.com/cf/telemetry-pipeline/pkg/logging/logging.go:69.30,75.2 5 0
github.com/cf/telemetry-pipeline/pkg/logging/logging.go:78.27,83.2 4 0
github.com/cf/telemetry-pipeline/pkg/logging/logging.go:85.41,86.15 1 0
github.com/cf/telemetry-pipeline/pkg/logging/logging.go:87.13,88.17 1 0
github.com/cf/telemetry-pipeline/pkg/logging/logging.go:89.12,90.16 1 0
github.com/cf/telemetry-pipeline/pkg/logging/logging.go:91.12,92.16 1 0
github.com/cf/telemetry-pipeline/pkg/logging/logging.go:93.13,94.17 1 0
github.com/cf/telemetry-pipeline/pkg/logging/logging.go:95.13,96.17 1 0
github.com/cf/telemetry-pipeline/pkg/logging/logging.go:98.2,98.18 1 0
github.com/cf/telemetry-pipeline/pkg/logging/logging.go:101.57,104.16 3 0
github.com/cf/telemetry-pipeline/pkg/logging/logging.go:104.16,106.3 1 0
github.com/cf/telemetry-pipeline/pkg/logging/logging.go:116.56,120.18 4 0
github.com/cf/telemetry-pipeline/pkg/logging/logging.go:121.22,122.17 1 0
github.com/cf/telemetry-pipeline/pkg/logging/logging.go:122.17,126.4 1 0
github.com/cf/telemetry-pipeline/pkg/logging/logging.go:126.9,128.44 1 0
github.com/cf/telemetry-pipeline/pkg/logging/logging.go:128.44,131.5 2 0
github.com/cf/telemetry-pipeline/pkg/logging/logging.go:133.4,133.81 1 0
github.com/cf/telemetry-pipeline/pkg/logging/logging.go:135.23,136.18 1 0
github.com/cf/telemetry-pipeline/pkg/logging/logging.go:136.18,139.4 2 0
github.com/cf/telemetry-pipeline/pkg/logging/logging.go:142.3,143.15 2 0
github.com/cf/telemetry-pipeline/pkg/logging/logging.go:143.15,146.4 2 0
github.com/cf/telemetry-pipeline/pkg/logging/logging.go:148.3,148.42 1 0
github.com/cf/telemetry-pipeline/pkg/logging/logging.go:149.10,151.9 2 0
github.com/cf/telemetry-pipeline/pkg/logging/logging.go:154.2,155.16 2 0
github.com/cf/telemetry-pipeline/pkg/logging/logging.go:155.16,157.3 1 0
github.com/cf/telemetry-pipeline/pkg/logging/logging.go:165.13,166.24 1 0
github.com/cf/telemetry-pipeline/pkg/logging/logging.go:166.24,168.3 1 0
github.com/cf/telemetry-pipeline/pkg/logging/logging.go:170.2,171.16 2 0
github.com/cf/telemetry-pipeline/pkg/logging/logging.go:171.16,172.13 1 0
github.com/cf/telemetry-pipeline/pkg/logging/logging.go:175.2,177.75 3 0
github.com/cf/telemetry-pipeline/pkg/logging/logging.go:177.75,184.3 1 0
github.com/cf/telemetry-pipeline/pkg/logging/logging.go:187.2,188.74 2 0
github.com/cf/telemetry-pipeline/pkg/logging/logging.go:188.74,189.13 1 0
github.com/cf/telemetry-pipeline/pkg/logging/logging.go:192.2,198.52 2 0
github.com/cf/telemetry-pipeline/pkg/logging/logging.go:198.52,200.3 1 0
github.com/cf/telemetry-pipeline/pkg/logging/logging.go:207.42,209.2 1 0
github.com/cf/telemetry-pipeline/pkg/logging/logging.go:214.52,223.12 4 0
github.com/cf/telemetry-pipeline/pkg/logging/logging.go:223.12,224.73 1 0
github.com/cf/telemetry-pipeline/pkg/logging/logging.go:224.73,226.4 1 0
github.com/cf/telemetry-pipeline/pkg/logging/logging.go:229.2,229.12 1 0
github.com/cf/telemetry-pipeline/pkg/logging/logging.go:235.50,238.15 3 0
github.com/cf/telemetry-pipeline/pkg/logging/logging.go:239.15,240.14 1 0
github.com/cf/telemetry-pipeline/pkg/logging/logging.go:241.14,242.13 1 0
github.com/cf/telemetry-pipeline/pkg/logging/logging.go:243.14,244.13 1 0
github.com/cf/telemetry-pipeline/pkg/logging/logging.go:245.15,246.14 1 0
github.com/cf/telemetry-pipeline/pkg/logging/logging.go:247.15,248.14 1 0
github.com/cf/telemetry-pipeline/pkg/logging/logging.go:249.10,250.15 1 0
github.com/cf/telemetry-pipeline/pkg/logging/logging.go:252.2,252.16 1 0
github.com/cf/telemetry-pipeline/pkg/logging/logging.go:252.16,258.3 5 0
github.com/cf/telemetry-pipeline/pkg/logging/logging.go:260.2,263.13 4 0
github.com/cf/telemetry-pipeline/pkg/logging/logging.go:273.64,276.42 3 0
github.com/cf/telemetry-pipeline/pkg/logging/logging.go:276.42,277.41 1 0
github.com/cf/telemetry-pipeline/pkg/logging/logging.go:277.41,279.4 1 0
github.com/cf/telemetry-pipeline/pkg/logging/logging.go:280.3,280.21 1 0
github.com/cf/telemetry-pipeline/pkg/logging/logging.go:282.2,282.21 1 0
github.com/cf/telemetry-pipeline/pkg/logging/logging.go:285.42,289.2 3 0
github.com/cf/telemetry-pipeline/pkg/logging/logging.go:291.56,295.2 3 0
github.com/cf/telemetry-pipeline/pkg/logging/logging.go:297.49,300.16 3 0
github.com/cf/telemetry-pipeline/pkg/logging/logging.go:300.16,302.3 1 0
github.com/cf/telemetry-pipeline/pkg/logging/logging.go:304.2,304.35 1 0
github.com/cf/telemetry-pipeline/pkg/logging/logging.go:310.46,311.41 1 0
github.com/cf/telemetry-pipeline/pkg/logging/logging.go:311.41,314.3 2 0
github.com/cf/telemetry-pipeline/pkg/logging/logging.go:320.45,321.40 1 0
github.com/cf/telemetry-pipeline/pkg/logging/logging.go:321.40,324.3 2 0
github.com/cf/telemetry-pipeline/pkg/logging/logging.go:330.45,331.40 1 0
github.com/cf/telemetry-pipeline/pkg/logging/logging.go:331.40,334.3 2 0
github.com/cf/telemetry-pipeline/pkg/logging/logging.go:340.46,341.41 1 0
github.com/cf/telemetry-pipeline/pkg/logging/logging.go:341.41,344.3 2 0
github.com/cf/telemetry-pipeline/pkg/logging/logging.go:350.46,353.2 2 0
github.com/cf/telemetry-pipeline/internal/streamer/csv_reader.go:26.71,28.16 2 11
github.com/cf/telemetry-pipeline/internal/streamer/csv_reader.go:28.16,31.3 2 1
github.com/cf/telemetry-pipeline/internal/streamer/csv_reader.go:33.2,38.16 4 10
github.com/cf/telemetry-pipeline/internal/streamer/csv_reader.go:38.16,42.3 3 0
github.com/cf/telemetry-pipeline/internal/streamer/csv_reader.go:44.2,54.23 3 10
github.com/cf/telemetry-pipeline/internal/streamer/csv_reader.go:58.80,61.33 2 11
github.com/cf/telemetry-pipeline/internal/streamer/csv_reader.go:61.33,63.20 2 13
github.com/cf/telemetry-pipeline/internal/streamer/csv_reader.go:63.20,64.19 1 3
github.com/cf/telemetry-pipeline/internal/streamer/csv_reader.go:64.19,67.19 2 1
github.com/cf/telemetry-pipeline/internal/streamer/csv_reader.go:67.19,70.6 2 0
github.com/cf/telemetry-pipeline/internal/streamer/csv_reader.go:72.5,73.19 2 1
github.com/cf/telemetry-pipeline/internal/streamer/csv_reader.go:73.19,76.6 2 0
github.com/cf/telemetry-pipeline/internal/streamer/csv_reader.go:77.10,81.5 2 2
github.com/cf/telemetry-pipeline/internal/streamer/csv_reader.go:82.9,82.24 1 10
github.com/cf/telemetry-pipeline/internal/streamer/csv_reader.go:82.24,85.4 2 0
github.com/cf/telemetry-pipeline/internal/streamer/csv_reader.go:88.3,89.17 2 11
github.com/cf/telemetry-pipeline/internal/streamer/csv_reader.go:89.17,91.12 2 0
github.com/cf/telemetry-pipeline/internal/streamer/csv_reader.go:94.3,95.16 2 11
github.com/cf/telemetry-pipeline/internal/streamer/csv_reader.go:98.2,99.27 2 9
github.com/cf/telemetry-pipeline/internal/streamer/csv_reader.go:103.65,106.6 2 1
github.com/cf/telemetry-pipeline/internal/streamer/csv_reader.go:106.6,108.20 2 3
github.com/cf/telemetry-pipeline/internal/streamer/csv_reader.go:108.20,109.9 1 1
github.com/cf/telemetry-pipeline/internal/streamer/csv_reader.go:111.3,111.17 1 2
github.com/cf/telemetry-pipeline/internal/streamer/csv_reader.go:111.17,114.4 2 0
github.com/cf/telemetry-pipeline/internal/streamer/csv_reader.go:116.3,117.17 2 2
github.com/cf/telemetry-pipeline/internal/streamer/csv_reader.go:117.17,119.12 2 0
github.com/cf/telemetry-pipeline/internal/streamer/csv_reader.go:122.3,123.16 2 2
github.com/cf/telemetry-pipeline/internal/streamer/csv_reader.go:126.2,127.27 2 1
github.com/cf/telemetry-pipeline/internal/streamer/csv_reader.go:131.36,132.20 1 11
github.com/cf/telemetry-pipeline/internal/streamer/csv_reader.go:132.20,134.17 2 10
github.com/cf/telemetry-pipeline/internal/streamer/csv_reader.go:134.17,137.4 2 0
github.com/cf/telemetry-pipeline/internal/streamer/csv_reader.go:138.3,139.62 2 10
github.com/cf/telemetry-pipeline/internal/streamer/csv_reader.go:141.2,141.12 1 11
github.com/cf/telemetry-pipeline/internal/streamer/csv_reader.go:145.42,147.2 1 5
github.com/cf/telemetry-pipeline/internal/streamer/csv_reader.go:150.40,152.2 1 2
github.com/cf/telemetry-pipeline/internal/streamer/csv_reader.go:155.82,156.35 1 13
github.com/cf/telemetry-pipeline/internal/streamer/csv_reader.go:156.35,158.3 1 1
github.com/cf/telemetry-pipeline/internal/streamer/csv_reader.go:161.2,162.36 2 13
github.com/cf/telemetry-pipeline/internal/streamer/csv_reader.go:162.36,163.22 1 156
github.com/cf/telemetry-pipeline/internal/streamer/csv_reader.go:163.22,165.4 1 147
github.com/cf/telemetry-pipeline/internal/streamer/csv_reader.go:165.9,167.4 1 9
github.com/cf/telemetry-pipeline/internal/streamer/csv_reader.go:171.2,172.24 2 13
github.com/cf/telemetry-pipeline/internal/streamer/csv_reader.go:172.24,175.3 1 0
github.com/cf/telemetry-pipeline/internal/streamer/csv_reader.go:178.2,181.16 3 13
github.com/cf/telemetry-pipeline/internal/streamer/csv_reader.go:181.16,184.17 2 1
github.com/cf/telemetry-pipeline/internal/streamer/csv_reader.go:184.17,186.18 2 1
github.com/cf/telemetry-pipeline/internal/streamer/csv_reader.go:186.18,189.5 2 1
github.com/cf/telemetry-pipeline/internal/streamer/csv_reader.go:194.2,196.16 3 13
github.com/cf/telemetry-pipeline/internal/streamer/csv_reader.go:196.16,199.3 2 2
github.com/cf/telemetry-pipeline/internal/streamer/csv_reader.go:202.2,219.18 2 13
github.com/cf/telemetry-pipeline/internal/streamer/csv_reader.go:223.47,225.20 1 1
github.com/cf/telemetry-pipeline/internal/streamer/csv_reader.go:225.20,227.3 1 1
github.com/cf/telemetry-pipeline/internal/streamer/csv_reader.go:230.2,231.16 2 1
github.com/cf/telemetry-pipeline/internal/streamer/csv_reader.go:231.16,233.3 1 0
github.com/cf/telemetry-pipeline/internal/streamer/csv_reader.go:236.2,241.16 4 1
github.com/cf/telemetry-pipeline/internal/streamer/csv_reader.go:241.16,244.3 2 0
github.com/cf/telemetry-pipeline/internal/streamer/csv_reader.go:246.2,251.12 5 1
github.com/cf/telemetry-pipeline/internal/streamer/csv_reader.go:255.44,257.2 1 1
github.com/cf/telemetry-pipeline/internal/streamer/csv_reader.go:260.43,262.2 1 1
github.com/cf/telemetry-pipeline/internal/streamer/service.go:55.120,57.27 1 0
github.com/cf/telemetry-pipeline/internal/streamer/service.go:57.27,59.3 1 0
github.com/cf/telemetry-pipeline/internal/streamer/service.go:60.2,60.32 1 0
github.com/cf/telemetry-pipeline/internal/streamer/service.go:60.32,62.3 1 0
github.com/cf/telemetry-pipeline/internal/streamer/service.go:63.2,63.28 1 0
github.com/cf/telemetry-pipeline/internal/streamer/service.go:63.28,65.3 1 0
github.com/cf/telemetry-pipeline/internal/streamer/service.go:66.2,66.28 1 0
github.com/cf/telemetry-pipeline/internal/streamer/service.go:66.28,68.3 1 0
github.com/cf/telemetry-pipeline/internal/streamer/service.go:69.2,69.29 1 0
github.com/cf/telemetry-pipeline/internal/streamer/service.go:69.29,71.3 1 0
github.com/cf/telemetry-pipeline/internal/streamer/service.go:72.2,72.28 1 0
github.com/cf/telemetry-pipeline/internal/streamer/service.go:72.28,74.3 1 0
github.com/cf/telemetry-pipeline/internal/streamer/service.go:76.2,77.16 2 0
github.com/cf/telemetry-pipeline/internal/streamer/service.go:77.16,79.3 1 0
github.com/cf/telemetry-pipeline/internal/streamer/service.go:81.2,95.21 4 0
github.com/cf/telemetry-pipeline/internal/streamer/service.go:99.42,103.18 3 0
github.com/cf/telemetry-pipeline/internal/streamer/service.go:103.18,105.3 1 0
github.com/cf/telemetry-pipeline/internal/streamer/service.go:107.2,113.12 5 0
github.com/cf/telemetry-pipeline/internal/streamer/service.go:117.41,121.19 3 0
github.com/cf/telemetry-pipeline/internal/streamer/service.go:121.19,123.3 1 0
github.com/cf/telemetry-pipeline/internal/streamer/service.go:125.2,132.25 4 0
github.com/cf/telemetry-pipeline/internal/streamer/service.go:132.25,134.3 1 0
github.com/cf/telemetry-pipeline/internal/streamer/service.go:136.2,137.12 2 0
github.com/cf/telemetry-pipeline/internal/streamer/service.go:141.45,145.2 3 0
github.com/cf/telemetry-pipeline/internal/streamer/service.go:148.58,154.17 4 0
github.com/cf/telemetry-pipeline/internal/streamer/service.go:154.17,156.3 1 0
github.com/cf/telemetry-pipeline/internal/streamer/service.go:159.2,166.3 1 0
github.com/cf/telemetry-pipeline/internal/streamer/service.go:170.49,174.2 3 0
github.com/cf/telemetry-pipeline/internal/streamer/service.go:177.53,179.2 1 0
github.com/cf/telemetry-pipeline/internal/streamer/service.go:182.41,184.15 2 0
github.com/cf/telemetry-pipeline/internal/streamer/service.go:184.15,185.31 1 0
github.com/cf/telemetry-pipeline/internal/streamer/service.go:185.31,187.4 1 0
github.com/cf/telemetry-pipeline/internal/streamer/service.go:190.2,195.6 4 0
github.com/cf/telemetry-pipeline/internal/streamer/service.go:195.6,196.10 1 0
github.com/cf/telemetry-pipeline/internal/streamer/service.go:197.24,199.10 2 0
github.com/cf/telemetry-pipeline/internal/streamer/service.go:200.19,202.18 2 0
github.com/cf/telemetry-pipeline/internal/streamer/service.go:202.18,209.45 5 0
github.com/cf/telemetry-pipeline/internal/streamer/service.go:209.45,213.6 3 0
github.com/cf/telemetry-pipeline/internal/streamer/service.go:220.48,223.33 2 0
github.com/cf/telemetry-pipeline/internal/streamer/service.go:223.33,226.3 2 0
github.com/cf/telemetry-pipeline/internal/streamer/service.go:228.2,228.29 1 0
github.com/cf/telemetry-pipeline/internal/streamer/service.go:228.29,230.3 1 0
github.com/cf/telemetry-pipeline/internal/streamer/service.go:233.2,233.37 1 0
github.com/cf/telemetry-pipeline/internal/streamer/service.go:233.37,235.17 2 0
github.com/cf/telemetry-pipeline/internal/streamer/service.go:235.17,239.58 2 0
github.com/cf/telemetry-pipeline/internal/streamer/service.go:239.58,242.19 3 0
github.com/cf/telemetry-pipeline/internal/streamer/service.go:242.19,243.11 1 0
github.com/cf/telemetry-pipeline/internal/streamer/service.go:245.5,245.74 1 0
github.com/cf/telemetry-pipeline/internal/streamer/service.go:248.4,248.18 1 0
github.com/cf/telemetry-pipeline/internal/streamer/service.go:248.18,251.5 2 0
github.com/cf/telemetry-pipeline/internal/streamer/service.go:256.2,260.12 4 0
github.com/cf/telemetry-pipeline/internal/streamer/service.go:264.83,267.16 2 0
github.com/cf/telemetry-pipeline/internal/streamer/service.go:267.16,269.3 1 0
github.com/cf/telemetry-pipeline/internal/streamer/service.go:272.2,281.60 2 0
github.com/cf/telemetry-pipeline/internal/streamer/service.go:285.90,293.2 6 0
github.com/cf/telemetry-pipeline/internal/streamer/service.go:296.42,301.19 3 0
github.com/cf/telemetry-pipeline/internal/streamer/service.go:301.19,303.3 1 0
github.com/cf/telemetry-pipeline/internal/streamer/service.go:306.2,310.72 4 0
github.com/cf/telemetry-pipeline/internal/streamer/service.go:310.72,312.3 1 0
github.com/cf/telemetry-pipeline/internal/streamer/service.go:314.2,314.13 1 0
github.com/cf/telemetry-pipeline/internal/streamer/service.go:318.56,320.2 1 0
github.com/cf/telemetry-pipeline/internal/streamer/service.go:323.74,328.34 3 0
github.com/cf/telemetry-pipeline/internal/streamer/service.go:328.34,330.3 1 0
github.com/cf/telemetry-pipeline/internal/streamer/service.go:331.2,331.29 1 0
github.com/cf/telemetry-pipeline/internal/streamer/service.go:331.29,333.3 1 0
github.com/cf/telemetry-pipeline/internal/streamer/service.go:334.2,334.30 1 0
github.com/cf/telemetry-pipeline/internal/streamer/service.go:334.30,336.3 1 0
github.com/cf/telemetry-pipeline/internal/streamer/service.go:337.2,337.30 1 0
github.com/cf/telemetry-pipeline/internal/streamer/service.go:337.30,339.3 1 0
github.com/cf/telemetry-pipeline/internal/streamer/service.go:341.2,342.12 2 0
github.com/cf/telemetry-pipeline/pkg/logging/logging.go:61.31,66.2 4 38
github.com/cf/telemetry-pipeline/pkg/logging/logging.go:69.30,75.2 5 38
github.com/cf/telemetry-pipeline/pkg/logging/logging.go:78.27,83.2 4 38
github.com/cf/telemetry-pipeline/pkg/logging/logging.go:85.41,86.15 1 0
github.com/cf/telemetry-pipeline/pkg/logging/logging.go:87.13,88.17 1 0
github.com/cf/telemetry-pipeline/pkg/logging/logging.go:89.12,90.16 1 0
github.com/cf/telemetry-pipeline/pkg/logging/logging.go:91.12,92.16 1 0
github.com/cf/telemetry-pipeline/pkg/logging/logging.go:93.13,94.17 1 0
github.com/cf/telemetry-pipeline/pkg/logging/logging.go:95.13,96.17 1 0
github.com/cf/telemetry-pipeline/pkg/logging/logging.go:98.2,98.18 1 0
github.com/cf/telemetry-pipeline/pkg/logging/logging.go:101.57,104.16 3 0
github.com/cf/telemetry-pipeline/pkg/logging/logging.go:104.16,106.3 1 0
github.com/cf/telemetry-pipeline/pkg/logging/logging.go:116.56,120.18 4 0
github.com/cf/telemetry-pipeline/pkg/logging/logging.go:121.22,122.17 1 0
github.com/cf/telemetry-pipeline/pkg/logging/logging.go:122.17,126.4 1 0
github.com/cf/telemetry-pipeline/pkg/logging/logging.go:126.9,128.44 1 0
github.com/cf/telemetry-pipeline/pkg/logging/logging.go:128.44,131.5 2 0
github.com/cf/telemetry-pipeline/pkg/logging/logging.go:133.4,133.81 1 0
github.com/cf/telemetry-pipeline/pkg/logging/logging.go:135.23,136.18 1 0
github.com/cf/telemetry-pipeline/pkg/logging/logging.go:136.18,139.4 2 0
github.com/cf/telemetry-pipeline/pkg/logging/logging.go:142.3,143.15 2 0
github.com/cf/telemetry-pipeline/pkg/logging/logging.go:143.15,146.4 2 0
github.com/cf/telemetry-pipeline/pkg/logging/logging.go:148.3,148.42 1 0
github.com/cf/telemetry-pipeline/pkg/logging/logging.go:149.10,151.9 2 0
github.com/cf/telemetry-pipeline/pkg/logging/logging.go:154.2,155.16 2 0
github.com/cf/telemetry-pipeline/pkg/logging/logging.go:155.16,157.3 1 0
github.com/cf/telemetry-pipeline/pkg/logging/logging.go:165.13,166.24 1 1
github.com/cf/telemetry-pipeline/pkg/logging/logging.go:166.24,168.3 1 0
github.com/cf/telemetry-pipeline/pkg/logging/logging.go:170.2,171.16 2 1
github.com/cf/telemetry-pipeline/pkg/logging/logging.go:171.16,172.13 1 0
github.com/cf/telemetry-pipeline/pkg/logging/logging.go:175.2,177.75 3 1
github.com/cf/telemetry-pipeline/pkg/logging/logging.go:177.75,184.3 1 1
github.com/cf/telemetry-pipeline/pkg/logging/logging.go:187.2,188.74 2 1
github.com/cf/telemetry-pipeline/pkg/logging/logging.go:188.74,189.13 1 0
github.com/cf/telemetry-pipeline/pkg/logging/logging.go:192.2,198.52 2 1
github.com/cf/telemetry-pipeline/pkg/logging/logging.go:198.52,200.3 1 0
github.com/cf/telemetry-pipeline/pkg/logging/logging.go:207.42,209.2 1 0
github.com/cf/telemetry-pipeline/pkg/logging/logging.go:214.52,223.12 4 0
github.com/cf/telemetry-pipeline/pkg/logging/logging.go:223.12,224.73 1 0
github.com/cf/telemetry-pipeline/pkg/logging/logging.go:224.73,226.4 1 0
github.com/cf/telemetry-pipeline/pkg/logging/logging.go:229.2,229.12 1 0
github.com/cf/telemetry-pipeline/pkg/logging/logging.go:235.50,238.15 3 0
github.com/cf/telemetry-pipeline/pkg/logging/logging.go:239.15,240.14 1 0
github.com/cf/telemetry-pipeline/pkg/logging/logging.go:241.14,242.13 1 0
github.com/cf/telemetry-pipeline/pkg/logging/logging.go:243.14,244.13 1 0
github.com/cf/telemetry-pipeline/pkg/logging/logging.go:245.15,246.14 1 0
github.com/cf/telemetry-pipeline/pkg/logging/logging.go:247.15,248.14 1 0
github.com/cf/telemetry-pipeline/pkg/logging/logging.go:249.10,250.15 1 0
github.com/cf/telemetry-pipeline/pkg/logging/logging.go:252.2,252.16 1 0
github.com/cf/telemetry-pipeline/pkg/logging/logging.go:252.16,258.3 5 0
github.com/cf/telemetry-pipeline/pkg/logging/logging.go:260.2,263.13 4 0
github.com/cf/telemetry-pipeline/pkg/logging/logging.go:273.64,276.42 3 38
github.com/cf/telemetry-pipeline/pkg/logging/logging.go:276.42,277.41 1 0
github.com/cf/telemetry-pipeline/pkg/logging/logging.go:277.41,279.4 1 0
github.com/cf/telemetry-pipeline/pkg/logging/logging.go:280.3,280.21 1 0
github.com/cf/telemetry-pipeline/pkg/logging/logging.go:282.2,282.21 1 38
github.com/cf/telemetry-pipeline/pkg/logging/logging.go:285.42,289.2 3 38
github.com/cf/telemetry-pipeline/pkg/logging/logging.go:291.56,295.2 3 38
github.com/cf/telemetry-pipeline/pkg/logging/logging.go:297.49,300.16 3 38
github.com/cf/telemetry-pipeline/pkg/logging/logging.go:300.16,302.3 1 38
github.com/cf/telemetry-pipeline/pkg/logging/logging.go:304.2,304.35 1 38
github.com/cf/telemetry-pipeline/pkg/logging/logging.go:310.46,311.41 1 10
github.com/cf/telemetry-pipeline/pkg/logging/logging.go:311.41,314.3 2 10
github.com/cf/telemetry-pipeline/pkg/logging/logging.go:320.45,321.40 1 23
github.com/cf/telemetry-pipeline/pkg/logging/logging.go:321.40,324.3 2 23
github.com/cf/telemetry-pipeline/pkg/logging/logging.go:330.45,331.40 1 4
github.com/cf/telemetry-pipeline/pkg/logging/logging.go:331.40,334.3 2 4
github.com/cf/telemetry-pipeline/pkg/logging/logging.go:340.46,341.41 1 1
github.com/cf/telemetry-pipeline/pkg/logging/logging.go:341.41,344.3 2 1
github.com/cf/telemetry-pipeline/pkg/logging/logging.go:350.46,353.2 2 0
github.com/cf/telemetry-pipeline/pkg/models/telemetry.go:70.41,72.2 1 1
github.com/cf/telemetry-pipeline/pkg/models/telemetry.go:75.57,76.26 1 2
github.com/cf/telemetry-pipeline/pkg/models/telemetry.go:76.26,78.3 1 1
github.com/cf/telemetry-pipeline/pkg/models/telemetry.go:79.2,79.26 1 2
github.com/cf/telemetry-pipeline/pkg/models/telemetry.go:79.26,81.3 1 1
github.com/cf/telemetry-pipeline/pkg/models/telemetry.go:82.2,82.12 1 2
github.com/cf/telemetry-pipeline/pkg/models/telemetry.go:86.57,89.2 2 1
github.com/cf/telemetry-pipeline/pkg/logging/logging.go:61.31,66.2 4 41
github.com/cf/telemetry-pipeline/pkg/logging/logging.go:69.30,75.2 5 41
github.com/cf/telemetry-pipeline/pkg/logging/logging.go:78.27,83.2 4 41
github.com/cf/telemetry-pipeline/pkg/logging/logging.go:85.41,86.15 1 0
github.com/cf/telemetry-pipeline/pkg/logging/logging.go:87.13,88.17 1 0
github.com/cf/telemetry-pipeline/pkg/logging/logging.go:89.12,90.16 1 0
github.com/cf/telemetry-pipeline/pkg/logging/logging.go:91.12,92.16 1 0
github.com/cf/telemetry-pipeline/pkg/logging/logging.go:93.13,94.17 1 0
github.com/cf/telemetry-pipeline/pkg/logging/logging.go:95.13,96.17 1 0
github.com/cf/telemetry-pipeline/pkg/logging/logging.go:98.2,98.18 1 0
github.com/cf/telemetry-pipeline/pkg/logging/logging.go:101.57,104.16 3 0
github.com/cf/telemetry-pipeline/pkg/logging/logging.go:104.16,106.3 1 0
github.com/cf/telemetry-pipeline/pkg/logging/logging.go:116.56,120.18 4 0
github.com/cf/telemetry-pipeline/pkg/logging/logging.go:121.22,122.17 1 0
github.com/cf/telemetry-pipeline/pkg/logging/logging.go:122.17,126.4 1 0
github.com/cf/telemetry-pipeline/pkg/logging/logging.go:126.9,128.44 1 0
github.com/cf/telemetry-pipeline/pkg/logging/logging.go:128.44,131.5 2 0
github.com/cf/telemetry-pipeline/pkg/logging/logging.go:133.4,133.81 1 0
github.com/cf/telemetry-pipeline/pkg/logging/logging.go:135.23,136.18 1 0
github.com/cf/telemetry-pipeline/pkg/logging/logging.go:136.18,139.4 2 0
github.com/cf/telemetry-pipeline/pkg/logging/logging.go:142.3,143.15 2 0
github.com/cf/telemetry-pipeline/pkg/logging/logging.go:143.15,146.4 2 0
github.com/cf/telemetry-pipeline/pkg/logging/logging.go:148.3,148.42 1 0
github.com/cf/telemetry-pipeline/pkg/logging/logging.go:149.10,151.9 2 0
github.com/cf/telemetry-pipeline/pkg/logging/logging.go:154.2,155.16 2 0
github.com/cf/telemetry-pipeline/pkg/logging/logging.go:155.16,157.3 1 0
github.com/cf/telemetry-pipeline/pkg/logging/logging.go:165.13,166.24 1 1
github.com/cf/telemetry-pipeline/pkg/logging/logging.go:166.24,168.3 1 0
github.com/cf/telemetry-pipeline/pkg/logging/logging.go:170.2,171.16 2 1
github.com/cf/telemetry-pipeline/pkg/logging/logging.go:171.16,172.13 1 0
github.com/cf/telemetry-pipeline/pkg/logging/logging.go:175.2,177.75 3 1
github.com/cf/telemetry-pipeline/pkg/logging/logging.go:177.75,184.3 1 1
github.com/cf/telemetry-pipeline/pkg/logging/logging.go:187.2,188.74 2 1
github.com/cf/telemetry-pipeline/pkg/logging/logging.go:188.74,189.13 1 0
github.com/cf/telemetry-pipeline/pkg/logging/logging.go:192.2,198.52 2 1
github.com/cf/telemetry-pipeline/pkg/logging/logging.go:198.52,200.3 1 0
github.com/cf/telemetry-pipeline/pkg/logging/logging.go:207.42,209.2 1 0
github.com/cf/telemetry-pipeline/pkg/logging/logging.go:214.52,223.12 4 0
github.com/cf/telemetry-pipeline/pkg/logging/logging.go:223.12,224.73 1 0
github.com/cf/telemetry-pipeline/pkg/logging/logging.go:224.73,226.4 1 0
github.com/cf/telemetry-pipeline/pkg/logging/logging.go:229.2,229.12 1 0
github.com/cf/telemetry-pipeline/pkg/logging/logging.go:235.50,238.15 3 0
github.com/cf/telemetry-pipeline/pkg/logging/logging.go:239.15,240.14 1 0
github.com/cf/telemetry-pipeline/pkg/logging/logging.go:241.14,242.13 1 0
github.com/cf/telemetry-pipeline/pkg/logging/logging.go:243.14,244.13 1 0
github.com/cf/telemetry-pipeline/pkg/logging/logging.go:245.15,246.14 1 0
github.com/cf/telemetry-pipeline/pkg/logging/logging.go:247.15,248.14 1 0
github.com/cf/telemetry-pipeline/pkg/logging/logging.go:249.10,250.15 1 0
github.com/cf/telemetry-pipeline/pkg/logging/logging.go:252.2,252.16 1 0
github.com/cf/telemetry-pipeline/pkg/logging/logging.go:252.16,258.3 5 0
github.com/cf/telemetry-pipeline/pkg/logging/logging.go:260.2,263.13 4 0
github.com/cf/telemetry-pipeline/pkg/logging/logging.go:273.64,276.42 3 41
github.com/cf/telemetry-pipeline/pkg/logging/logging.go:276.42,277.41 1 0
github.com/cf/telemetry-pipeline/pkg/logging/logging.go:277.41,279.4 1 0
github.com/cf/telemetry-pipeline/pkg/logging/logging.go:280.3,280.21 1 0
github.com/cf/telemetry-pipeline/pkg/logging/logging.go:282.2,282.21 1 41
github.com/cf/telemetry-pipeline/pkg/logging/logging.go:285.42,289.2 3 41
github.com/cf/telemetry-pipeline/pkg/logging/logging.go:291.56,295.2 3 41
github.com/cf/telemetry-pipeline/pkg/logging/logging.go:297.49,300.16 3 41
github.com/cf/telemetry-pipeline/pkg/logging/logging.go:300.16,302.3 1 41
github.com/cf/telemetry-pipeline/pkg/logging/logging.go:304.2,304.35 1 41
github.com/cf/telemetry-pipeline/pkg/logging/logging.go:310.46,311.41 1 32
github.com/cf/telemetry-pipeline/pkg/logging/logging.go:311.41,314.3 2 32
github.com/cf/telemetry-pipeline/pkg/logging/logging.go:320.45,321.40 1 9
github.com/cf/telemetry-pipeline/pkg/logging/logging.go:321.40,324.3 2 9
github.com/cf/telemetry-pipeline/pkg/logging/logging.go:330.45,331.40 1 0
github.com/cf/telemetry-pipeline/pkg/logging/logging.go:331.40,334.3 2 0
github.com/cf/telemetry-pipeline/pkg/logging/logging.go:340.46,341.41 1 0
github.com/cf/telemetry-pipeline/pkg/logging/logging.go:341.41,344.3 2 0
github.com/cf/telemetry-pipeline/pkg/logging/logging.go:350.46,353.2 2 0
github.com/cf/telemetry-pipeline/pkg/messagequeue/queue.go:79.38,86.2 1 11
github.com/cf/telemetry-pipeline/pkg/messagequeue/queue.go:89.82,93.42 3 9
github.com/cf/telemetry-pipeline/pkg/messagequeue/queue.go:93.42,95.3 1 1
github.com/cf/telemetry-pipeline/pkg/messagequeue/queue.go:97.2,98.43 2 8
github.com/cf/telemetry-pipeline/pkg/messagequeue/queue.go:98.43,101.3 1 1
github.com/cf/telemetry-pipeline/pkg/messagequeue/queue.go:103.2,118.12 5 8
github.com/cf/telemetry-pipeline/pkg/messagequeue/queue.go:122.145,127.13 4 27
github.com/cf/telemetry-pipeline/pkg/messagequeue/queue.go:127.13,129.3 1 1
github.com/cf/telemetry-pipeline/pkg/messagequeue/queue.go:131.2,135.34 3 26
github.com/cf/telemetry-pipeline/pkg/messagequeue/queue.go:135.34,137.3 1 0
github.com/cf/telemetry-pipeline/pkg/messagequeue/queue.go:140.2,158.17 5 26
github.com/cf/telemetry-pipeline/pkg/messagequeue/queue.go:162.152,167.13 4 6
github.com/cf/telemetry-pipeline/pkg/messagequeue/queue.go:167.13,169.3 1 1
github.com/cf/telemetry-pipeline/pkg/messagequeue/queue.go:172.2,181.33 6 5
github.com/cf/telemetry-pipeline/pkg/messagequeue/queue.go:181.33,182.27 1 10
github.com/cf/telemetry-pipeline/pkg/messagequeue/queue.go:182.27,183.9 1 1
github.com/cf/telemetry-pipeline/pkg/messagequeue/queue.go:187.3,187.38 1 9
github.com/cf/telemetry-pipeline/pkg/messagequeue/queue.go:187.38,188.12 1 1
github.com/cf/telemetry-pipeline/pkg/messagequeue/queue.go:192.3,192.56 1 8
github.com/cf/telemetry-pipeline/pkg/messagequeue/queue.go:192.56,193.12 1 0
github.com/cf/telemetry-pipeline/pkg/messagequeue/queue.go:197.3,197.20 1 8
github.com/cf/telemetry-pipeline/pkg/messagequeue/queue.go:197.20,198.12 1 0
github.com/cf/telemetry-pipeline/pkg/messagequeue/queue.go:201.3,202.10 2 8
github.com/cf/telemetry-pipeline/pkg/messagequeue/queue.go:205.2,206.22 2 5
github.com/cf/telemetry-pipeline/pkg/messagequeue/queue.go:210.105,217.35 5 1
github.com/cf/telemetry-pipeline/pkg/messagequeue/queue.go:217.35,219.35 2 2
github.com/cf/telemetry-pipeline/pkg/messagequeue/queue.go:219.35,221.39 2 2
github.com/cf/telemetry-pipeline/pkg/messagequeue/queue.go:221.39,222.24 1 3
github.com/cf/telemetry-pipeline/pkg/messagequeue/queue.go:222.24,227.65 3 2
github.com/cf/telemetry-pipeline/pkg/messagequeue/queue.go:227.65,232.7 4 2
github.com/cf/telemetry-pipeline/pkg/messagequeue/queue.go:234.6,236.11 3 2
github.com/cf/telemetry-pipeline/pkg/messagequeue/queue.go:239.4,240.13 2 2
github.com/cf/telemetry-pipeline/pkg/messagequeue/queue.go:240.13,241.10 1 2
github.com/cf/telemetry-pipeline/pkg/messagequeue/queue.go:245.3,245.13 1 2
github.com/cf/telemetry-pipeline/pkg/messagequeue/queue.go:245.13,247.4 1 0
github.com/cf/telemetry-pipeline/pkg/messagequeue/queue.go:250.2,251.27 2 1
github.com/cf/telemetry-pipeline/pkg/messagequeue/queue.go:255.56,260.37 4 5
github.com/cf/telemetry-pipeline/pkg/messagequeue/queue.go:260.37,262.3 1 5
github.com/cf/telemetry-pipeline/pkg/messagequeue/queue.go:263.2,263.15 1 5
github.com/cf/telemetry-pipeline/pkg/messagequeue/queue.go:267.48,281.52 4 1
github.com/cf/telemetry-pipeline/pkg/messagequeue/queue.go:281.52,289.3 1 1
github.com/cf/telemetry-pipeline/pkg/messagequeue/queue.go:291.2,291.14 1 1
github.com/cf/telemetry-pipeline/pkg/messagequeue/queue.go:295.50,298.34 3 1
github.com/cf/telemetry-pipeline/pkg/messagequeue/queue.go:298.34,300.3 1 1
github.com/cf/telemetry-pipeline/pkg/messagequeue/queue.go:301.2,303.31 2 1
github.com/cf/telemetry-pipeline/pkg/messagequeue/queue.go:303.31,308.38 4 1
github.com/cf/telemetry-pipeline/pkg/messagequeue/queue.go:308.38,309.40 1 1
github.com/cf/telemetry-pipeline/pkg/messagequeue/queue.go:309.40,311.5 1 0
github.com/cf/telemetry-pipeline/pkg/messagequeue/queue.go:311.10,313.5 1 1
github.com/cf/telemetry-pipeline/pkg/messagequeue/queue.go:316.3,319.23 3 1
github.com/cf/telemetry-pipeline/pkg/messagequeue/queue.go:319.23,322.4 2 1
github.com/cf/telemetry-pipeline/pkg/messagequeue/queue.go:328.84,333.13 4 5
github.com/cf/telemetry-pipeline/pkg/messagequeue/queue.go:333.13,343.63 3 5
github.com/cf/telemetry-pipeline/pkg/messagequeue/queue.go:343.63,345.4 1 5
github.com/cf/telemetry-pipeline/pkg/messagequeue/queue.go:346.8,348.3 1 0
github.com/cf/telemetry-pipeline/pkg/messagequeue/queue.go:350.2,350.17 1 5
github.com/cf/telemetry-pipeline/pkg/messagequeue/queue.go:353.97,357.43 3 8
github.com/cf/telemetry-pipeline/pkg/messagequeue/queue.go:357.43,358.22 1 0
github.com/cf/telemetry-pipeline/pkg/messagequeue/queue.go:358.22,360.4 1 0
github.com/cf/telemetry-pipeline/pkg/messagequeue/queue.go:362.2,362.14 1 8
github.com/cf/telemetry-pipeline/pkg/messagequeue/queue.go:365.92,375.62 8 29
github.com/cf/telemetry-pipeline/pkg/messagequeue/queue.go:375.62,379.16 4 29
github.com/cf/telemetry-pipeline/pkg/messagequeue/queue.go:379.16,381.4 1 26
github.com/cf/telemetry-pipeline/pkg/messagequeue/queue.go:385.33,388.2 1 26
github.com/cf/telemetry-pipeline/pkg/messagequeue/queue.go:390.38,393.19 3 26
github.com/cf/telemetry-pipeline/pkg/messagequeue/queue.go:393.19,395.3 1 208
github.com/cf/telemetry-pipeline/pkg/messagequeue/queue.go:396.2,396.18 1 26
github.com/cf/telemetry-pipeline/pkg/messagequeue/service.go:19.52,32.2 4 0
github.com/cf/telemetry-pipeline/pkg/messagequeue/service.go:35.99,41.16 2 0
github.com/cf/telemetry-pipeline/pkg/messagequeue/service.go:41.16,44.3 2 0
github.com/cf/telemetry-pipeline/pkg/messagequeue/service.go:46.2,47.16 2 0
github.com/cf/telemetry-pipeline/pkg/messagequeue/service.go:47.16,50.3 2 0
github.com/cf/telemetry-pipeline/pkg/messagequeue/service.go:52.2,52.12 1 0
github.com/cf/telemetry-pipeline/pkg/messagequeue/service.go:56.121,58.16 2 0
github.com/cf/telemetry-pipeline/pkg/messagequeue/service.go:58.16,61.3 2 0
github.com/cf/telemetry-pipeline/pkg/messagequeue/service.go:63.2,63.22 1 0
github.com/cf/telemetry-pipeline/pkg/messagequeue/service.go:67.99,69.16 2 0
github.com/cf/telemetry-pipeline/pkg/messagequeue/service.go:69.16,72.3 2 0
github.com/cf/telemetry-pipeline/pkg/messagequeue/service.go:74.2,74.21 1 0
github.com/cf/telemetry-pipeline/pkg/messagequeue/service.go:74.21,76.3 1 0
github.com/cf/telemetry-pipeline/pkg/messagequeue/service.go:78.2,79.12 2 0
github.com/cf/telemetry-pipeline/pkg/messagequeue/service.go:83.61,85.2 1 0
github.com/cf/telemetry-pipeline/pkg/messagequeue/service.go:88.90,90.2 1 0
github.com/cf/telemetry-pipeline/pkg/messagequeue/service.go:93.64,95.2 1 0
github.com/cf/telemetry-pipeline/pkg/messagequeue/service.go:98.47,100.9 1 0
github.com/cf/telemetry-pipeline/pkg/messagequeue/service.go:101.24,102.15 1 0
github.com/cf/telemetry-pipeline/pkg/messagequeue/service.go:103.10,104.14 1 0
github.com/cf/telemetry-pipeline/pkg/messagequeue/service.go:109.40,112.30 2 0
github.com/cf/telemetry-pipeline/pkg/messagequeue/service.go:112.30,114.3 1 0
github.com/cf/telemetry-pipeline/pkg/messagequeue/service.go:116.2,117.48 2 0
github.com/cf/telemetry-pipeline/pkg/messagequeue/service.go:121.55,124.12 2 0
github.com/cf/telemetry-pipeline/pkg/messagequeue/service.go:124.12,125.16 1 0
github.com/cf/telemetry-pipeline/pkg/messagequeue/service.go:125.16,126.32 1 0
github.com/cf/telemetry-pipeline/pkg/messagequeue/service.go:126.32,128.5 1 0
github.com/cf/telemetry-pipeline/pkg/messagequeue/service.go:131.3,131.7 1 0
github.com/cf/telemetry-pipeline/pkg/messagequeue/service.go:131.7,132.11 1 0
github.com/cf/telemetry-pipeline/pkg/messagequeue/service.go:133.26,135.11 2 0
github.com/cf/telemetry-pipeline/pkg/messagequeue/service.go:136.31,138.39 2 0
github.com/cf/telemetry-pipeline/pkg/messagequeue/service.go:143.2,143.56 1 0
github.com/cf/telemetry-pipeline/pkg/messagequeue/service.go:147.73,149.2 1 0
github.com/cf/telemetry-pipeline/pkg/messagequeue/service.go:152.144,156.35 3 0
github.com/cf/telemetry-pipeline/pkg/messagequeue/service.go:156.35,158.23 2 0
github.com/cf/telemetry-pipeline/pkg/messagequeue/service.go:158.23,160.4 1 0
github.com/cf/telemetry-pipeline/pkg/messagequeue/service.go:162.3,163.17 2 0
github.com/cf/telemetry-pipeline/pkg/messagequeue/service.go:163.17,166.4 2 0
github.com/cf/telemetry-pipeline/pkg/messagequeue/service.go:166.9,168.4 1 0
github.com/cf/telemetry-pipeline/pkg/messagequeue/service.go:171.2,171.21 1 0
github.com/cf/telemetry-pipeline/pkg/messagequeue/service.go:171.21,173.3 1 0
github.com/cf/telemetry-pipeline/pkg/messagequeue/service.go:173.8,175.3 1 0
github.com/cf/telemetry-pipeline/pkg/messagequeue/service.go:177.2,177.22 1 0
github.com/cf/telemetry-pipeline/pkg/messagequeue/service.go:181.153,184.31 2 0
github.com/cf/telemetry-pipeline/pkg/messagequeue/service.go:184.31,186.17 2 0
github.com/cf/telemetry-pipeline/pkg/messagequeue/service.go:186.17,188.12 2 0
github.com/cf/telemetry-pipeline/pkg/messagequeue/service.go:190.3,190.27 1 0
github.com/cf/telemetry-pipeline/pkg/messagequeue/service.go:193.2,193.20 1 0
